<?xml version="1.0" encoding="utf-8"?><testsuites name="pytest tests"><testsuite name="pytest" errors="0" failures="0" skipped="0" tests="14" time="5.377" timestamp="2026-08-03T11:21:40.650695+00:00" hostname="agent-env-54a67c3c-15fc-4c6f-aeb8-76b0c271e6d2"><testcase classname="backend.tests.test_iteration2.TestJWTAuth" name="test_login_success" time="0.545" /><testcase classname="backend.tests.test_iteration2.TestJWTAuth" name="test_login_wrong_password" time="0.325" /><testcase classname="backend.tests.test_iteration2.TestJWTAuth" name="test_login_unknown_email" time="0.098" /><testcase classname="backend.tests.test_iteration2.TestAdminEndpoints" name="test_bookings_unauth" time="0.135" /><testcase classname="backend.tests.test_iteration2.TestAdminEndpoints" name="test_payments_unauth" time="0.095" /><testcase classname="backend.tests.test_iteration2.TestAdminEndpoints" name="test_bookings_authed_cookie" time="0.371" /><testcase classname="backend.tests.test_iteration2.TestAdminEndpoints" name="test_payments_authed_bearer" time="0.096" /><testcase classname="backend.tests.test_iteration2.TestAdminEndpoints" name="test_patch_booking_status" time="0.187" /><testcase classname="backend.tests.test_iteration2.TestAdminEndpoints" name="test_patch_booking_404" time="0.042" /><testcase classname="backend.tests.test_iteration2.TestGoogleAuth" name="test_invalid_session_id" time="0.259" /><testcase classname="backend.tests.test_iteration2.TestChat" name="test_chat_stream" time="1.638" /><testcase classname="backend.tests.test_iteration2.TestStripe" name="test_checkout_and_status" time="1.116" /><testcase classname="backend.tests.test_iteration2.TestStripe" name="test_checkout_bad_lookup" time="0.196" /><testcase classname="backend.tests.test_iteration2.TestStripe" name="test_status_not_found" time="0.206" /></testsuite></testsuites>