<?xml version="1.0" encoding="utf-8"?><testsuites name="pytest tests"><testsuite name="pytest" errors="0" failures="0" skipped="1" tests="6" time="4.317" timestamp="2026-08-03T11:58:21.844057+00:00" hostname="agent-env-54a67c3c-15fc-4c6f-aeb8-76b0c271e6d2"><testcase classname="backend.tests.test_paypal" name="test_paypal_config" time="0.268" /><testcase classname="backend.tests.test_paypal" name="test_paypal_create_order[casper_glass]" time="0.779" /><testcase classname="backend.tests.test_paypal" name="test_paypal_create_order[fleet_case]" time="0.704" /><testcase classname="backend.tests.test_paypal" name="test_paypal_txn_persisted" time="0.926"><skipped type="pytest.skip" message="admin login unavailable">/app/backend/tests/test_paypal.py:54: admin login unavailable</skipped></testcase><testcase classname="backend.tests.test_paypal" name="test_paypal_unknown_lookup_key" time="0.048" /><testcase classname="backend.tests.test_paypal" name="test_paypal_capture_unapproved" time="1.527" /></testsuite></testsuites>