<?xml version="1.0" encoding="utf-8"?><testsuites name="pytest tests"><testsuite name="pytest" errors="0" failures="2" skipped="0" tests="25" time="8.017" timestamp="2026-08-03T14:28:27.263082+00:00" hostname="agent-env-54a67c3c-15fc-4c6f-aeb8-76b0c271e6d2"><testcase classname="backend.tests.test_iteration4" name="test_root" time="0.285" /><testcase classname="backend.tests.test_iteration4" name="test_services_from_db" time="0.178" /><testcase classname="backend.tests.test_iteration4" name="test_products_from_db" time="0.111" /><testcase classname="backend.tests.test_iteration4" name="test_quote_screen_flagship_professional" time="0.213" /><testcase classname="backend.tests.test_iteration4" name="test_booking_created" time="0.395" /><testcase classname="backend.tests.test_iteration4" name="test_quote_bad_issuetype_422" time="0.172" /><testcase classname="backend.tests.test_iteration4" name="test_booking_bad_devicetier_422" time="0.235" /><testcase classname="backend.tests.test_iteration4" name="test_auth_me" time="0.512" /><testcase classname="backend.tests.test_iteration4" name="test_auth_refresh_issues_new_access" time="0.403"><failure message="AssertionError: assert ('eyJhbGciOiJIUzI1NiIsInR5cCI6IkpXVCJ9.eyJzdWIiOiJ1c2VyX2FiNmUzNDA0YzI0ZCIsImVtYWlsIjoiYWRtaW5AZGlzcGxheWNlbGxwcm9zLmNvbSIsInR5cGUiOiJhY2Nlc3MiLCJleHAiOjE3ODU3NjkxMDl9.8OoDO2II1617QnmPo5W1J7fFL8CPUT_uGgrHOXT0LYg' and 'eyJhbGciOiJIUzI1NiIsInR5cCI6IkpXVCJ9.eyJzdWIiOiJ1c2VyX2FiNmUzNDA0YzI0ZCIsImVtYWlsIjoiYWRtaW5AZGlzcGxheWNlbGxwcm9zLmNvbSIsInR5cGUiOiJhY2Nlc3MiLCJleHAiOjE3ODU3NjkxMDl9.8OoDO2II1617QnmPo5W1J7fFL8CPUT_uGgrHOXT0LYg' != 'eyJhbGciOiJIUzI1NiIsInR5cCI6IkpXVCJ9.eyJzdWIiOiJ1c2VyX2FiNmUzNDA0YzI0ZCIsImVtYWlsIjoiYWRtaW5AZGlzcGxheWNlbGxwcm9zLmNvbSIsInR5cGUiOiJhY2Nlc3MiLCJleHAiOjE3ODU3NjkxMDl9.8OoDO2II1617QnmPo5W1J7fFL8CPUT_uGgrHOXT0LYg')">backend/tests/test_iteration4.py:100: in test_auth_refresh_issues_new_access
    assert new_access and new_access != old_access
E   AssertionError: assert ('eyJhbGciOiJIUzI1NiIsInR5cCI6IkpXVCJ9.eyJzdWIiOiJ1c2VyX2FiNmUzNDA0YzI0ZCIsImVtYWlsIjoiYWRtaW5AZGlzcGxheWNlbGxwcm9zLmNvbSIsInR5cGUiOiJhY2Nlc3MiLCJleHAiOjE3ODU3NjkxMDl9.8OoDO2II1617QnmPo5W1J7fFL8CPUT_uGgrHOXT0LYg' and 'eyJhbGciOiJIUzI1NiIsInR5cCI6IkpXVCJ9.eyJzdWIiOiJ1c2VyX2FiNmUzNDA0YzI0ZCIsImVtYWlsIjoiYWRtaW5AZGlzcGxheWNlbGxwcm9zLmNvbSIsInR5cGUiOiJhY2Nlc3MiLCJleHAiOjE3ODU3NjkxMDl9.8OoDO2II1617QnmPo5W1J7fFL8CPUT_uGgrHOXT0LYg' != 'eyJhbGciOiJIUzI1NiIsInR5cCI6IkpXVCJ9.eyJzdWIiOiJ1c2VyX2FiNmUzNDA0YzI0ZCIsImVtYWlsIjoiYWRtaW5AZGlzcGxheWNlbGxwcm9zLmNvbSIsInR5cGUiOiJhY2Nlc3MiLCJleHAiOjE3ODU3NjkxMDl9.8OoDO2II1617QnmPo5W1J7fFL8CPUT_uGgrHOXT0LYg')</failure></testcase><testcase classname="backend.tests.test_iteration4" name="test_brute_force_lockout" time="0.920" /><testcase classname="backend.tests.test_iteration4" name="test_admin_endpoints_require_auth[/api/admin/bookings]" time="0.117" /><testcase classname="backend.tests.test_iteration4" name="test_admin_endpoints_require_auth[/api/admin/payments]" time="0.113" /><testcase classname="backend.tests.test_iteration4" name="test_admin_endpoints_require_auth[/api/admin/notifications]" time="0.126" /><testcase classname="backend.tests.test_iteration4" name="test_admin_endpoints_with_cookie[/api/admin/bookings]" time="0.071" /><testcase classname="backend.tests.test_iteration4" name="test_admin_endpoints_with_cookie[/api/admin/payments]" time="0.071" /><testcase classname="backend.tests.test_iteration4" name="test_admin_endpoints_with_cookie[/api/admin/notifications]" time="0.074" /><testcase classname="backend.tests.test_iteration4" name="test_patch_booking_creates_notification" time="0.277" /><testcase classname="backend.tests.test_iteration4" name="test_stripe_unknown_key_404" time="0.128" /><testcase classname="backend.tests.test_iteration4" name="test_stripe_valid_key_returns_url" time="1.137" /><testcase classname="backend.tests.test_iteration4" name="test_stripe_webhook_bad_signature" time="0.137" /><testcase classname="backend.tests.test_iteration4" name="test_paypal_config" time="0.122" /><testcase classname="backend.tests.test_iteration4" name="test_paypal_order_valid" time="0.831" /><testcase classname="backend.tests.test_iteration4" name="test_paypal_order_unknown_key_404" time="0.119" /><testcase classname="backend.tests.test_iteration4" name="test_paypal_webhook_capture_completed" time="0.112" /><testcase classname="backend.tests.test_iteration4" name="test_bookings_rate_limit" time="0.989"><failure message="AssertionError: Expected 429 rate limit, got [422, 422, 422, 422, 422, 422, 422, 422]&#10;assert 429 in [422, 422, 422, 422, 422, 422, ...]">backend/tests/test_iteration4.py:201: in test_bookings_rate_limit
    assert 429 in codes, f"Expected 429 rate limit, got {codes}"
E   AssertionError: Expected 429 rate limit, got [422, 422, 422, 422, 422, 422, 422, 422]
E   assert 429 in [422, 422, 422, 422, 422, 422, ...]</failure></testcase></testsuite></testsuites>