<?xml version="1.0" encoding="utf-8"?><testsuites name="pytest tests"><testsuite name="pytest" errors="0" failures="0" skipped="0" tests="6" time="0.545" timestamp="2026-08-03T11:05:06.759853+00:00" hostname="agent-env-54a67c3c-15fc-4c6f-aeb8-76b0c271e6d2"><testcase classname="backend.tests.backend_test" name="test_root" time="0.174" /><testcase classname="backend.tests.backend_test" name="test_services" time="0.052" /><testcase classname="backend.tests.backend_test" name="test_products" time="0.053" /><testcase classname="backend.tests.backend_test" name="test_quote_screen_flagship" time="0.047" /><testcase classname="backend.tests.backend_test" name="test_quote_battery_standard" time="0.043" /><testcase classname="backend.tests.backend_test" name="test_create_and_list_booking" time="0.107" /></testsuite></testsuites>